
> saju-app@0.1.0 build
> next build

â–˛ Next.js 16.2.3 (Turbopack)
- Environments: .env.local

  Creating an optimized production build ...
âś“ Compiled successfully in 5.2s
  Running TypeScript ...
  Finished TypeScript in 4.3s ...
  Collecting page data using 11 workers ...
  Generating static pages using 11 workers (0/134) ...
  Generating static pages using 11 workers (33/134) 
  Generating static pages using 11 workers (66/134) 
  Generating static pages using 11 workers (100/134) 
âś“ Generating static pages using 11 workers (134/134) in 330ms
  Finalizing page optimization ...

Route (app)
â”Ś Ć’ /
â”ś â—‹ /_not-found
â”ś â—‹ /about-engine
â”ś Ć’ /api/ai
â”ś Ć’ /api/auth/callback
â”ś Ć’ /api/auth/confirm-email
â”ś Ć’ /api/auth/signup
â”ś Ć’ /api/classics/evidence
â”ś Ć’ /api/credits/use
â”ś Ć’ /api/dialogue/safety
â”ś Ć’ /api/family-profiles
â”ś Ć’ /api/fortune-calendar
â”ś Ć’ /api/fortune-calendar/unlock
â”ś Ć’ /api/geo/birth-location
â”ś Ć’ /api/interpret
â”ś Ć’ /api/interpret/lifetime
â”ś Ć’ /api/interpret/yearly
â”ś Ć’ /api/notifications/dispatch
â”ś Ć’ /api/notifications/heartbeat
â”ś Ć’ /api/notifications/preferences
â”ś Ć’ /api/notifications/subscribe
â”ś Ć’ /api/notifications/test
â”ś Ć’ /api/notifications/unsubscribe
â”ś Ć’ /api/payments/confirm
â”ś Ć’ /api/payments/prepare
â”ś Ć’ /api/profile
â”ś Ć’ /api/profile/counselor
â”ś Ć’ /api/readings
â”ś Ć’ /api/subscription/manage
â”ś Ć’ /api/today-fortune
â”ś Ć’ /api/today-fortune/feedback
â”ś Ć’ /api/today-fortune/unlock
â”ś Ć’ /api/verification/classics
â”ś Ć’ /api/verification/lifetime
â”ś Ć’ /api/verification/profile-linkage
â”ś Ć’ /api/verification/saju
â”ś Ć’ /api/verification/today-fortune
â”ś Ć’ /api/verification/yearly
â”ś â—‹ /auth
â”ś â—‹ /compatibility
â”ś Ć’ /compatibility/input
â”ś Ć’ /compatibility/result
â”ś â—‹ /credits
â”ś â—‹ /credits/success
â”ś â—‹ /daewoon
â”ś Ć’ /dialogue
â”ś Ć’ /dialogue/[expert]
â”ś â—‹ /dialogue/safe-redirect
â”ś â—‹ /dream-interpretation
â”ś â—Ź /dream-interpretation/[slug]
â”‚ â”ś /dream-interpretation/teeth-falling
â”‚ â”ś /dream-interpretation/snake-dream
â”‚ â”ś /dream-interpretation/water-dream
â”‚ â”” [+5 more paths]
â”ś â—‹ /free
â”ś â—‹ /guide
â”ś â—‹ /gunghap
â”ś â—‹ /interpretation
â”ś â—‹ /login
â”ś â—‹ /manifest.webmanifest
â”ś Ć’ /membership
â”ś Ć’ /membership/checkout
â”ś Ć’ /membership/complete
â”ś â—‹ /membership/success
â”ś â—‹ /method
â”ś Ć’ /method/[slug]
â”ś Ć’ /my
â”ś Ć’ /my/billing
â”ś Ć’ /my/profile
â”ś Ć’ /my/results
â”ś â—‹ /my/settings
â”ś Ć’ /myeongri
â”ś â—‹ /myeongri/ten-gods
â”ś Ć’ /notifications
â”ś â—‹ /notifications/schedule
â”ś â—‹ /notifications/widget
â”ś Ć’ /pay
â”ś â—‹ /pricing
â”ś â—‹ /privacy
â”ś â—‹ /reset-password
â”ś â—‹ /robots.txt
â”ś â—‹ /saju
â”ś Ć’ /saju/[slug]
â”ś Ć’ /saju/[slug]/elements
â”ś Ć’ /saju/[slug]/nature
â”ś Ć’ /saju/[slug]/overview
â”ś Ć’ /saju/[slug]/premium
â”ś Ć’ /saju/[slug]/premium/print
â”ś Ć’ /saju/[slug]/today-detail
â”ś â—‹ /saju/new
â”ś â—‹ /saju/new/birth
â”ś â—‹ /saju/new/consent
â”ś â—‹ /saju/new/empathy
â”ś â—‹ /saju/new/nickname
â”ś â—‹ /sample-report
â”ś â—‹ /sitemap.xml
â”ś Ć’ /star-sign
â”ś Ć’ /star-sign/[slug]
â”ś â—‹ /taekil
â”ś â—‹ /tarot
â”ś â—‹ /tarot/daily
â”ś Ć’ /tarot/daily/pick
â”ś Ć’ /tarot/daily/result
â”ś â—‹ /terms
â”ś â—‹ /today
â”ś Ć’ /today-fortune
â”ś Ć’ /today-fortune/detail
â”ś Ć’ /today-fortune/result
â”ś â—‹ /vault
â”ś Ć’ /verification
â”ś Ć’ /zodiac
â”” Ć’ /zodiac/[slug]


Ć’ Proxy (Middleware)

â—‹  (Static)   prerendered as static content
â—Ź  (SSG)      prerendered as static HTML (uses generateStaticParams)
Ć’  (Dynamic)  server-rendered on demand

