Running 56 tests using 1 worker

  ✓   1 audit-reports/playwright/persona-matrix.spec.mjs:55:5 › persona:guest › login (guest) (1.2s)
  ✓   2 audit-reports/playwright/persona-matrix.spec.mjs:72:7 › persona:guest › guest @ home (953ms)
  ✓   3 audit-reports/playwright/persona-matrix.spec.mjs:72:7 › persona:guest › guest @ free (995ms)
  ✓   4 audit-reports/playwright/persona-matrix.spec.mjs:72:7 › persona:guest › guest @ pricing (1.0s)
  ✓   5 audit-reports/playwright/persona-matrix.spec.mjs:72:7 › persona:guest › guest @ saju-new (1.1s)
  ✓   6 audit-reports/playwright/persona-matrix.spec.mjs:72:7 › persona:guest › guest @ credits (1.1s)
  ✓   7 audit-reports/playwright/persona-matrix.spec.mjs:72:7 › persona:guest › guest @ dialogue (1.0s)
  ✓   8 audit-reports/playwright/persona-matrix.spec.mjs:72:7 › persona:guest › guest @ my-results (1.0s)
  ✓   9 audit-reports/playwright/persona-matrix.spec.mjs:72:7 › persona:guest › guest @ my-billing (1.0s)
  ✓  10 audit-reports/playwright/persona-matrix.spec.mjs:72:7 › persona:guest › guest @ membership-co (1.0s)
  ✓  11 audit-reports/playwright/persona-matrix.spec.mjs:72:7 › persona:guest › guest @ today-detail (1.4s)
  ✓  12 audit-reports/playwright/persona-matrix.spec.mjs:55:5 › persona:fresh › login (fresh) (1.6s)
  ✓  13 audit-reports/playwright/persona-matrix.spec.mjs:72:7 › persona:fresh › fresh @ home (1.0s)
  ✓  14 audit-reports/playwright/persona-matrix.spec.mjs:72:7 › persona:fresh › fresh @ free (1.1s)
  ✓  15 audit-reports/playwright/persona-matrix.spec.mjs:72:7 › persona:fresh › fresh @ pricing (1.1s)
  ✓  16 audit-reports/playwright/persona-matrix.spec.mjs:72:7 › persona:fresh › fresh @ saju-new (1.2s)
  ✓  17 audit-reports/playwright/persona-matrix.spec.mjs:72:7 › persona:fresh › fresh @ credits (1.2s)
  ✓  18 audit-reports/playwright/persona-matrix.spec.mjs:72:7 › persona:fresh › fresh @ dialogue (1.1s)
  ✓  19 audit-reports/playwright/persona-matrix.spec.mjs:72:7 › persona:fresh › fresh @ my-results (1.3s)
  ✓  20 audit-reports/playwright/persona-matrix.spec.mjs:72:7 › persona:fresh › fresh @ my-billing (1.5s)
  ✓  21 audit-reports/playwright/persona-matrix.spec.mjs:72:7 › persona:fresh › fresh @ membership-co (1.3s)
  ✓  22 audit-reports/playwright/persona-matrix.spec.mjs:72:7 › persona:fresh › fresh @ today-detail (1.3s)
  ✓  23 audit-reports/playwright/persona-matrix.spec.mjs:55:5 › persona:credit › login (credit) (1.4s)
  ✓  24 audit-reports/playwright/persona-matrix.spec.mjs:72:7 › persona:credit › credit @ home (1.0s)
  ✓  25 audit-reports/playwright/persona-matrix.spec.mjs:72:7 › persona:credit › credit @ free (1.1s)
  ✓  26 audit-reports/playwright/persona-matrix.spec.mjs:72:7 › persona:credit › credit @ pricing (1.1s)
  ✓  27 audit-reports/playwright/persona-matrix.spec.mjs:72:7 › persona:credit › credit @ saju-new (1.1s)
  ✓  28 audit-reports/playwright/persona-matrix.spec.mjs:72:7 › persona:credit › credit @ credits (1.1s)
  ✓  29 audit-reports/playwright/persona-matrix.spec.mjs:72:7 › persona:credit › credit @ dialogue (1.1s)
  ✓  30 audit-reports/playwright/persona-matrix.spec.mjs:72:7 › persona:credit › credit @ my-results (1.2s)
  ✓  31 audit-reports/playwright/persona-matrix.spec.mjs:72:7 › persona:credit › credit @ my-billing (1.2s)
  ✓  32 audit-reports/playwright/persona-matrix.spec.mjs:72:7 › persona:credit › credit @ membership-co (1.2s)
  ✓  33 audit-reports/playwright/persona-matrix.spec.mjs:72:7 › persona:credit › credit @ today-detail (1.3s)
  ✓  34 audit-reports/playwright/persona-matrix.spec.mjs:55:5 › persona:plus › login (plus) (1.3s)
  ✓  35 audit-reports/playwright/persona-matrix.spec.mjs:72:7 › persona:plus › plus @ home (1.1s)
  ✓  36 audit-reports/playwright/persona-matrix.spec.mjs:72:7 › persona:plus › plus @ free (1.0s)
  ✓  37 audit-reports/playwright/persona-matrix.spec.mjs:72:7 › persona:plus › plus @ pricing (1.1s)
  ✓  38 audit-reports/playwright/persona-matrix.spec.mjs:72:7 › persona:plus › plus @ saju-new (1.2s)
  ✓  39 audit-reports/playwright/persona-matrix.spec.mjs:72:7 › persona:plus › plus @ credits (1.2s)
  ✓  40 audit-reports/playwright/persona-matrix.spec.mjs:72:7 › persona:plus › plus @ dialogue (1.1s)
  ✓  41 audit-reports/playwright/persona-matrix.spec.mjs:72:7 › persona:plus › plus @ my-results (1.2s)
  ✓  42 audit-reports/playwright/persona-matrix.spec.mjs:72:7 › persona:plus › plus @ my-billing (1.3s)
  ✓  43 audit-reports/playwright/persona-matrix.spec.mjs:72:7 › persona:plus › plus @ membership-co (1.3s)
  ✓  44 audit-reports/playwright/persona-matrix.spec.mjs:72:7 › persona:plus › plus @ today-detail (1.3s)
  ✓  45 audit-reports/playwright/persona-matrix.spec.mjs:55:5 › persona:premium › login (premium) (1.4s)
  ✓  46 audit-reports/playwright/persona-matrix.spec.mjs:72:7 › persona:premium › premium @ home (1.0s)
  ✓  47 audit-reports/playwright/persona-matrix.spec.mjs:72:7 › persona:premium › premium @ free (1.0s)
  ✓  48 audit-reports/playwright/persona-matrix.spec.mjs:72:7 › persona:premium › premium @ pricing (1.1s)
  ✓  49 audit-reports/playwright/persona-matrix.spec.mjs:72:7 › persona:premium › premium @ saju-new (1.2s)
  ✓  50 audit-reports/playwright/persona-matrix.spec.mjs:72:7 › persona:premium › premium @ credits (1.2s)
  ✓  51 audit-reports/playwright/persona-matrix.spec.mjs:72:7 › persona:premium › premium @ dialogue (1.1s)
  ✓  52 audit-reports/playwright/persona-matrix.spec.mjs:72:7 › persona:premium › premium @ my-results (1.3s)
  ✓  53 audit-reports/playwright/persona-matrix.spec.mjs:72:7 › persona:premium › premium @ my-billing (1.3s)
  ✓  54 audit-reports/playwright/persona-matrix.spec.mjs:72:7 › persona:premium › premium @ membership-co (1.3s)
  ✓  55 audit-reports/playwright/persona-matrix.spec.mjs:72:7 › persona:premium › premium @ today-detail (1.7s)
  ✓  56 audit-reports/playwright/persona-matrix.spec.mjs:109:1 › open-redirect probe: /login?next=https://attacker.example (1.0s)

  56 passed (1.1m)
