
Running 40 tests using 1 worker

  ✓   1 audit-reports/playwright/audit.spec.mjs:44:5 › home @ mobile-360 (2.8s)
  ✓   2 audit-reports/playwright/audit.spec.mjs:44:5 › home @ mobile-390 (4.1s)
  ✓   3 audit-reports/playwright/audit.spec.mjs:44:5 › home @ tablet-768 (4.6s)
  ✓   4 audit-reports/playwright/audit.spec.mjs:44:5 › home @ desktop-1280 (3.9s)
  ✓   5 audit-reports/playwright/audit.spec.mjs:44:5 › free @ mobile-360 (4.3s)
  ✓   6 audit-reports/playwright/audit.spec.mjs:44:5 › free @ mobile-390 (4.2s)
  ✓   7 audit-reports/playwright/audit.spec.mjs:44:5 › free @ tablet-768 (4.0s)
  ✓   8 audit-reports/playwright/audit.spec.mjs:44:5 › free @ desktop-1280 (4.2s)
  ✓   9 audit-reports/playwright/audit.spec.mjs:44:5 › pricing @ mobile-360 (4.4s)
  ✓  10 audit-reports/playwright/audit.spec.mjs:44:5 › pricing @ mobile-390 (4.1s)
  ✓  11 audit-reports/playwright/audit.spec.mjs:44:5 › pricing @ tablet-768 (4.0s)
  ✓  12 audit-reports/playwright/audit.spec.mjs:44:5 › pricing @ desktop-1280 (4.0s)
  ✓  13 audit-reports/playwright/audit.spec.mjs:44:5 › saju-new @ mobile-360 (3.5s)
  ✓  14 audit-reports/playwright/audit.spec.mjs:44:5 › saju-new @ mobile-390 (3.7s)
  ✓  15 audit-reports/playwright/audit.spec.mjs:44:5 › saju-new @ tablet-768 (3.2s)
  ✓  16 audit-reports/playwright/audit.spec.mjs:44:5 › saju-new @ desktop-1280 (3.3s)
  ✓  17 audit-reports/playwright/audit.spec.mjs:44:5 › credits @ mobile-360 (3.5s)
  ✓  18 audit-reports/playwright/audit.spec.mjs:44:5 › credits @ mobile-390 (3.3s)
  ✓  19 audit-reports/playwright/audit.spec.mjs:44:5 › credits @ tablet-768 (3.2s)
  ✓  20 audit-reports/playwright/audit.spec.mjs:44:5 › credits @ desktop-1280 (3.2s)
  ✓  21 audit-reports/playwright/audit.spec.mjs:44:5 › dialogue @ mobile-360 (5.2s)
  ✓  22 audit-reports/playwright/audit.spec.mjs:44:5 › dialogue @ mobile-390 (4.5s)
  ✓  23 audit-reports/playwright/audit.spec.mjs:44:5 › dialogue @ tablet-768 (4.7s)
  ✓  24 audit-reports/playwright/audit.spec.mjs:44:5 › dialogue @ desktop-1280 (4.5s)
  ✓  25 audit-reports/playwright/audit.spec.mjs:44:5 › tarot-daily @ mobile-360 (3.9s)
  ✓  26 audit-reports/playwright/audit.spec.mjs:44:5 › tarot-daily @ mobile-390 (4.1s)
  ✓  27 audit-reports/playwright/audit.spec.mjs:44:5 › tarot-daily @ tablet-768 (4.0s)
  ✓  28 audit-reports/playwright/audit.spec.mjs:44:5 › tarot-daily @ desktop-1280 (4.1s)
  ✓  29 audit-reports/playwright/audit.spec.mjs:44:5 › zodiac @ mobile-360 (5.7s)
  ✓  30 audit-reports/playwright/audit.spec.mjs:44:5 › zodiac @ mobile-390 (5.3s)
  ✓  31 audit-reports/playwright/audit.spec.mjs:44:5 › zodiac @ tablet-768 (5.9s)
  ✓  32 audit-reports/playwright/audit.spec.mjs:44:5 › zodiac @ desktop-1280 (5.4s)
  ✓  33 audit-reports/playwright/audit.spec.mjs:44:5 › today-fortune @ mobile-360 (4.5s)
  ✓  34 audit-reports/playwright/audit.spec.mjs:44:5 › today-fortune @ mobile-390 (3.9s)
  ✓  35 audit-reports/playwright/audit.spec.mjs:44:5 › today-fortune @ tablet-768 (3.5s)
  ✓  36 audit-reports/playwright/audit.spec.mjs:44:5 › today-fortune @ desktop-1280 (3.7s)
  ✓  37 audit-reports/playwright/audit.spec.mjs:44:5 › membership @ mobile-360 (5.4s)
  ✓  38 audit-reports/playwright/audit.spec.mjs:44:5 › membership @ mobile-390 (4.4s)
  ✓  39 audit-reports/playwright/audit.spec.mjs:44:5 › membership @ tablet-768 (5.6s)
  ✓  40 audit-reports/playwright/audit.spec.mjs:44:5 › membership @ desktop-1280 (4.3s)

  40 passed (2.9m)
